2025-11-25 20:54:41 - Element -> Get_Current -> string index out of range
2025-11-25 20:07:51 - Stock_Button -> Create -> 'float' object cannot be interpreted as an integer
2025-11-25 18:39:32 - Stock_Image -> Create -> 'float' object cannot be interpreted as an integer
2025-11-25 18:26:34 - Element -> Get_Current -> string index out of range
2025-11-25 13:23:16 - Stock_Label -> Create -> 'float' object cannot be interpreted as an integer
2025-11-25 12:38:31 - Stock_Canvas_Text -> Create -> 'float' object cannot be interpreted as an integer
2025-11-25 12:20:16 - Stock_Image -> Create -> 'float' object cannot be interpreted as an integer
2025-11-25 12:17:50 - Element -> Get_Current -> string index out of range
2025-11-25 10:55:26 - Element -> Get_Current -> string index out of range
2025-11-25 10:54:37 - Stock_List -> Create -> 'float' object cannot be interpreted as an integer
2025-11-25 10:49:21 - Element -> Get_Current -> string index out of range
2025-11-25 10:48:19 - Stock_Label -> Create -> 'float' object cannot be interpreted as an integer
2025-11-25 10:08:15 - Stock_Label -> Create -> 'float' object cannot be interpreted as an integer
2025-11-24 21:27:03 - Stock_Image -> Create -> 'float' object cannot be interpreted as an integer
2025-11-24 21:26:12 - Stock_Image -> Create -> 'float' object cannot be interpreted as an integer
2025-11-24 19:25:58 - Element -> Get_Current -> string index out of range
2025-11-24 19:25:58 - Element -> Get_Current -> string index out of range
2025-11-24 19:24:25 - Stock_Button -> Create -> 'float' object cannot be interpreted as an integer
2025-11-24 19:24:24 - Stock_Button -> Create -> 'float' object cannot be interpreted as an integer
2025-11-24 19:01:31 - Stock_Frame -> Create -> 'float' object cannot be interpreted as an integer
2025-11-24 18:58:29 - Element -> Get_Current -> string index out of range
